<?xml version="1.0" encoding="UTF-8"?>
<testsuite xmlns:xsi="http://www.w3.org/2001/XMLSchema-instance" xsi:noNamespaceSchemaLocation="https://maven.apache.org/surefire/maven-surefire-plugin/xsd/surefire-test-report-3.0.xsd" version="3.0" name="software.amazon.ec2.transitgatewaypeeringattachment.workflow.delete.ValidCurrentStateCheckTest" time="0.003" tests="2" errors="0" skipped="0" failures="0">
  <properties>
    <property name="java.specification.version" value="14"/>
    <property name="sun.jnu.encoding" value="UTF-8"/>
    <property name="java.class.path" value="/Users/lsuhani/workspace/final-commit/aws-cloudformation-resource-providers-transitgateway/aws-ec2-transitgatewaypeeringattachment/target/test-classes:/Users/lsuhani/workspace/final-commit/aws-cloudformation-resource-providers-transitgateway/aws-ec2-transitgatewaypeeringattachment/target/classes:/Users/lsuhani/.m2/repository/software/amazon/awssdk/ec2/2.15.26/ec2-2.15.26.jar:/Users/lsuhani/.m2/repository/software/amazon/awssdk/aws-query-protocol/2.15.26/aws-query-protocol-2.15.26.jar:/Users/lsuhani/.m2/repository/software/amazon/awssdk/protocol-core/2.15.26/protocol-core-2.15.26.jar:/Users/lsuhani/.m2/repository/software/amazon/awssdk/sdk-core/2.15.26/sdk-core-2.15.26.jar:/Users/lsuhani/.m2/repository/software/amazon/awssdk/profiles/2.15.26/profiles-2.15.26.jar:/Users/lsuhani/.m2/repository/org/slf4j/slf4j-api/1.7.28/slf4j-api-1.7.28.jar:/Users/lsuhani/.m2/repository/com/fasterxml/jackson/core/jackson-core/2.10.4/jackson-core-2.10.4.jar:/Users/lsuhani/.m2/repository/org/reactivestreams/reactive-streams/1.0.2/reactive-streams-1.0.2.jar:/Users/lsuhani/.m2/repository/software/amazon/awssdk/auth/2.15.26/auth-2.15.26.jar:/Users/lsuhani/.m2/repository/software/amazon/eventstream/eventstream/1.0.1/eventstream-1.0.1.jar:/Users/lsuhani/.m2/repository/software/amazon/awssdk/http-client-spi/2.15.26/http-client-spi-2.15.26.jar:/Users/lsuhani/.m2/repository/software/amazon/awssdk/regions/2.15.26/regions-2.15.26.jar:/Users/lsuhani/.m2/repository/com/fasterxml/jackson/core/jackson-annotations/2.10.4/jackson-annotations-2.10.4.jar:/Users/lsuhani/.m2/repository/software/amazon/awssdk/annotations/2.15.26/annotations-2.15.26.jar:/Users/lsuhani/.m2/repository/software/amazon/awssdk/utils/2.15.26/utils-2.15.26.jar:/Users/lsuhani/.m2/repository/software/amazon/awssdk/aws-core/2.15.26/aws-core-2.15.26.jar:/Users/lsuhani/.m2/repository/software/amazon/awssdk/metrics-spi/2.15.26/metrics-spi-2.15.26.jar:/Users/lsuhani/.m2/repository/software/amazon/awssdk/apache-client/2.15.26/apache-client-2.15.26.jar:/Users/lsuhani/.m2/repository/org/apache/httpcomponents/httpclient/4.5.13/httpclient-4.5.13.jar:/Users/lsuhani/.m2/repository/org/apache/httpcomponents/httpcore/4.4.11/httpcore-4.4.11.jar:/Users/lsuhani/.m2/repository/software/amazon/awssdk/netty-nio-client/2.15.26/netty-nio-client-2.15.26.jar:/Users/lsuhani/.m2/repository/io/netty/netty-codec-http/4.1.53.Final/netty-codec-http-4.1.53.Final.jar:/Users/lsuhani/.m2/repository/io/netty/netty-codec-http2/4.1.53.Final/netty-codec-http2-4.1.53.Final.jar:/Users/lsuhani/.m2/repository/io/netty/netty-codec/4.1.53.Final/netty-codec-4.1.53.Final.jar:/Users/lsuhani/.m2/repository/io/netty/netty-transport/4.1.53.Final/netty-transport-4.1.53.Final.jar:/Users/lsuhani/.m2/repository/io/netty/netty-resolver/4.1.53.Final/netty-resolver-4.1.53.Final.jar:/Users/lsuhani/.m2/repository/io/netty/netty-common/4.1.53.Final/netty-common-4.1.53.Final.jar:/Users/lsuhani/.m2/repository/io/netty/netty-buffer/4.1.53.Final/netty-buffer-4.1.53.Final.jar:/Users/lsuhani/.m2/repository/io/netty/netty-handler/4.1.53.Final/netty-handler-4.1.53.Final.jar:/Users/lsuhani/.m2/repository/io/netty/netty-transport-native-epoll/4.1.53.Final/netty-transport-native-epoll-4.1.53.Final-linux-x86_64.jar:/Users/lsuhani/.m2/repository/io/netty/netty-transport-native-unix-common/4.1.53.Final/netty-transport-native-unix-common-4.1.53.Final.jar:/Users/lsuhani/.m2/repository/com/typesafe/netty/netty-reactive-streams-http/2.0.4/netty-reactive-streams-http-2.0.4.jar:/Users/lsuhani/.m2/repository/com/typesafe/netty/netty-reactive-streams/2.0.4/netty-reactive-streams-2.0.4.jar:/Users/lsuhani/.m2/repository/software/amazon/cloudformation/aws-cloudformation-rpdk-java-plugin/2.0.5/aws-cloudformation-rpdk-java-plugin-2.0.5.jar:/Users/lsuhani/.m2/repository/commons-codec/commons-codec/1.14/commons-codec-1.14.jar:/Users/lsuhani/.m2/repository/software/amazon/cloudformation/aws-cloudformation-resource-schema/2.0.4/aws-cloudformation-resource-schema-2.0.4.jar:/Users/lsuhani/.m2/repository/com/github/everit-org/json-schema/org.everit.json.schema/1.11.0/org.everit.json.schema-1.11.0.jar:/Users/lsuhani/.m2/repository/commons-validator/commons-validator/1.6/commons-validator-1.6.jar:/Users/lsuhani/.m2/repository/commons-digester/commons-digester/1.8.1/commons-digester-1.8.1.jar:/Users/lsuhani/.m2/repository/commons-collections/commons-collections/3.2.2/commons-collections-3.2.2.jar:/Users/lsuhani/.m2/repository/commons-beanutils/commons-beanutils/1.9.3/commons-beanutils-1.9.3.jar:/Users/lsuhani/.m2/repository/com/damnhandy/handy-uri-templates/2.1.6/handy-uri-templates-2.1.6.jar:/Users/lsuhani/.m2/repository/com/google/re2j/re2j/1.1/re2j-1.1.jar:/Users/lsuhani/.m2/repository/com/fasterxml/jackson/core/jackson-databind/2.11.3/jackson-databind-2.11.3.jar:/Users/lsuhani/.m2/repository/com/fasterxml/jackson/dataformat/jackson-dataformat-cbor/2.11.3/jackson-dataformat-cbor-2.11.3.jar:/Users/lsuhani/.m2/repository/com/fasterxml/jackson/datatype/jackson-datatype-jsr310/2.11.3/jackson-datatype-jsr310-2.11.3.jar:/Users/lsuhani/.m2/repository/org/json/json/20180813/json-20180813.jar:/Users/lsuhani/.m2/repository/com/amazonaws/aws-java-sdk-core/1.11.555/aws-java-sdk-core-1.11.555.jar:/Users/lsuhani/.m2/repository/commons-logging/commons-logging/1.1.3/commons-logging-1.1.3.jar:/Users/lsuhani/.m2/repository/software/amazon/ion/ion-java/1.0.2/ion-java-1.0.2.jar:/Users/lsuhani/.m2/repository/joda-time/joda-time/2.8.1/joda-time-2.8.1.jar:/Users/lsuhani/.m2/repository/com/amazonaws/aws-lambda-java-core/1.2.0/aws-lambda-java-core-1.2.0.jar:/Users/lsuhani/.m2/repository/software/amazon/awssdk/cloudformation/2.15.19/cloudformation-2.15.19.jar:/Users/lsuhani/.m2/repository/software/amazon/awssdk/cloudwatch/2.15.19/cloudwatch-2.15.19.jar:/Users/lsuhani/.m2/repository/software/amazon/awssdk/cloudwatchevents/2.15.19/cloudwatchevents-2.15.19.jar:/Users/lsuhani/.m2/repository/software/amazon/awssdk/aws-json-protocol/2.15.19/aws-json-protocol-2.15.19.jar:/Users/lsuhani/.m2/repository/software/amazon/awssdk/cloudwatchlogs/2.15.19/cloudwatchlogs-2.15.19.jar:/Users/lsuhani/.m2/repository/commons-io/commons-io/2.8.0/commons-io-2.8.0.jar:/Users/lsuhani/.m2/repository/org/apache/commons/commons-lang3/3.9/commons-lang3-3.9.jar:/Users/lsuhani/.m2/repository/com/google/guava/guava/27.1-jre/guava-27.1-jre.jar:/Users/lsuhani/.m2/repository/com/google/guava/failureaccess/1.0.1/failureaccess-1.0.1.jar:/Users/lsuhani/.m2/repository/com/google/guava/listenablefuture/9999.0-empty-to-avoid-conflict-with-guava/listenablefuture-9999.0-empty-to-avoid-conflict-with-guava.jar:/Users/lsuhani/.m2/repository/com/google/code/findbugs/jsr305/3.0.2/jsr305-3.0.2.jar:/Users/lsuhani/.m2/repository/org/checkerframework/checker-qual/2.5.2/checker-qual-2.5.2.jar:/Users/lsuhani/.m2/repository/com/google/errorprone/error_prone_annotations/2.2.0/error_prone_annotations-2.2.0.jar:/Users/lsuhani/.m2/repository/com/google/j2objc/j2objc-annotations/1.1/j2objc-annotations-1.1.jar:/Users/lsuhani/.m2/repository/org/codehaus/mojo/animal-sniffer-annotations/1.17/animal-sniffer-annotations-1.17.jar:/Users/lsuhani/.m2/repository/com/diffplug/spotless/spotless-maven-plugin/2.5.0/spotless-maven-plugin-2.5.0.jar:/Users/lsuhani/.m2/repository/com/diffplug/spotless/spotless-lib/2.9.0/spotless-lib-2.9.0.jar:/Users/lsuhani/.m2/repository/com/diffplug/spotless/spotless-lib-extra/2.9.0/spotless-lib-extra-2.9.0.jar:/Users/lsuhani/.m2/repository/com/googlecode/concurrent-trees/concurrent-trees/2.6.1/concurrent-trees-2.6.1.jar:/Users/lsuhani/.m2/repository/org/codehaus/groovy/groovy-xml/3.0.3/groovy-xml-3.0.3.jar:/Users/lsuhani/.m2/repository/org/codehaus/groovy/groovy/3.0.3/groovy-3.0.3.jar:/Users/lsuhani/.m2/repository/org/codehaus/plexus/plexus-resources/1.0.1/plexus-resources-1.0.1.jar:/Users/lsuhani/.m2/repository/org/codehaus/plexus/plexus-utils/3.0.8/plexus-utils-3.0.8.jar:/Users/lsuhani/.m2/repository/org/codehaus/plexus/plexus-container-default/1.0-alpha-9-stable-1/plexus-container-default-1.0-alpha-9-stable-1.jar:/Users/lsuhani/.m2/repository/junit/junit/3.8.1/junit-3.8.1.jar:/Users/lsuhani/.m2/repository/classworlds/classworlds/1.1-alpha-2/classworlds-1.1-alpha-2.jar:/Users/lsuhani/.m2/repository/com/diffplug/durian/durian-core/1.2.0/durian-core-1.2.0.jar:/Users/lsuhani/.m2/repository/com/diffplug/durian/durian-collect/1.2.0/durian-collect-1.2.0.jar:/Users/lsuhani/.m2/repository/org/eclipse/jgit/org.eclipse.jgit/5.8.0.202006091008-r/org.eclipse.jgit-5.8.0.202006091008-r.jar:/Users/lsuhani/.m2/repository/com/googlecode/javaewah/JavaEWAH/1.1.7/JavaEWAH-1.1.7.jar:/Users/lsuhani/.m2/repository/org/projectlombok/lombok/1.18.4/lombok-1.18.4.jar:/Users/lsuhani/.m2/repository/org/assertj/assertj-core/3.12.2/assertj-core-3.12.2.jar:/Users/lsuhani/.m2/repository/org/junit/jupiter/junit-jupiter/5.5.0-M1/junit-jupiter-5.5.0-M1.jar:/Users/lsuhani/.m2/repository/org/junit/jupiter/junit-jupiter-api/5.5.0-M1/junit-jupiter-api-5.5.0-M1.jar:/Users/lsuhani/.m2/repository/org/apiguardian/apiguardian-api/1.0.0/apiguardian-api-1.0.0.jar:/Users/lsuhani/.m2/repository/org/opentest4j/opentest4j/1.1.1/opentest4j-1.1.1.jar:/Users/lsuhani/.m2/repository/org/junit/platform/junit-platform-commons/1.5.0-M1/junit-platform-commons-1.5.0-M1.jar:/Users/lsuhani/.m2/repository/org/junit/jupiter/junit-jupiter-params/5.5.0-M1/junit-jupiter-params-5.5.0-M1.jar:/Users/lsuhani/.m2/repository/org/junit/jupiter/junit-jupiter-engine/5.5.0-M1/junit-jupiter-engine-5.5.0-M1.jar:/Users/lsuhani/.m2/repository/org/junit/platform/junit-platform-engine/1.5.0-M1/junit-platform-engine-1.5.0-M1.jar:/Users/lsuhani/.m2/repository/org/mockito/mockito-core/2.26.0/mockito-core-2.26.0.jar:/Users/lsuhani/.m2/repository/net/bytebuddy/byte-buddy/1.9.10/byte-buddy-1.9.10.jar:/Users/lsuhani/.m2/repository/net/bytebuddy/byte-buddy-agent/1.9.10/byte-buddy-agent-1.9.10.jar:/Users/lsuhani/.m2/repository/org/objenesis/objenesis/2.6/objenesis-2.6.jar:/Users/lsuhani/.m2/repository/org/mockito/mockito-junit-jupiter/2.26.0/mockito-junit-jupiter-2.26.0.jar:"/>
    <property name="java.vm.vendor" value="Oracle Corporation"/>
    <property name="sun.arch.data.model" value="64"/>
    <property name="java.vendor.url" value="https://openjdk.java.net/"/>
    <property name="os.name" value="Mac OS X"/>
    <property name="java.vm.specification.version" value="14"/>
    <property name="sun.java.launcher" value="SUN_STANDARD"/>
    <property name="user.country" value="US"/>
    <property name="sun.boot.library.path" value="/usr/local/Cellar/openjdk/14.0.1/libexec/openjdk.jdk/Contents/Home/lib"/>
    <property name="sun.java.command" value="/Users/lsuhani/workspace/final-commit/aws-cloudformation-resource-providers-transitgateway/aws-ec2-transitgatewaypeeringattachment/target/surefire/surefirebooter1564265255560466440.jar /Users/lsuhani/workspace/final-commit/aws-cloudformation-resource-providers-transitgateway/aws-ec2-transitgatewaypeeringattachment/target/surefire 2021-04-19T12-06-46_015-jvmRun1 surefire2135095440196999974tmp surefire_014351576980918841639tmp"/>
    <property name="jdk.debug" value="release"/>
    <property name="surefire.test.class.path" value="/Users/lsuhani/workspace/final-commit/aws-cloudformation-resource-providers-transitgateway/aws-ec2-transitgatewaypeeringattachment/target/test-classes:/Users/lsuhani/workspace/final-commit/aws-cloudformation-resource-providers-transitgateway/aws-ec2-transitgatewaypeeringattachment/target/classes:/Users/lsuhani/.m2/repository/software/amazon/awssdk/ec2/2.15.26/ec2-2.15.26.jar:/Users/lsuhani/.m2/repository/software/amazon/awssdk/aws-query-protocol/2.15.26/aws-query-protocol-2.15.26.jar:/Users/lsuhani/.m2/repository/software/amazon/awssdk/protocol-core/2.15.26/protocol-core-2.15.26.jar:/Users/lsuhani/.m2/repository/software/amazon/awssdk/sdk-core/2.15.26/sdk-core-2.15.26.jar:/Users/lsuhani/.m2/repository/software/amazon/awssdk/profiles/2.15.26/profiles-2.15.26.jar:/Users/lsuhani/.m2/repository/org/slf4j/slf4j-api/1.7.28/slf4j-api-1.7.28.jar:/Users/lsuhani/.m2/repository/com/fasterxml/jackson/core/jackson-core/2.10.4/jackson-core-2.10.4.jar:/Users/lsuhani/.m2/repository/org/reactivestreams/reactive-streams/1.0.2/reactive-streams-1.0.2.jar:/Users/lsuhani/.m2/repository/software/amazon/awssdk/auth/2.15.26/auth-2.15.26.jar:/Users/lsuhani/.m2/repository/software/amazon/eventstream/eventstream/1.0.1/eventstream-1.0.1.jar:/Users/lsuhani/.m2/repository/software/amazon/awssdk/http-client-spi/2.15.26/http-client-spi-2.15.26.jar:/Users/lsuhani/.m2/repository/software/amazon/awssdk/regions/2.15.26/regions-2.15.26.jar:/Users/lsuhani/.m2/repository/com/fasterxml/jackson/core/jackson-annotations/2.10.4/jackson-annotations-2.10.4.jar:/Users/lsuhani/.m2/repository/software/amazon/awssdk/annotations/2.15.26/annotations-2.15.26.jar:/Users/lsuhani/.m2/repository/software/amazon/awssdk/utils/2.15.26/utils-2.15.26.jar:/Users/lsuhani/.m2/repository/software/amazon/awssdk/aws-core/2.15.26/aws-core-2.15.26.jar:/Users/lsuhani/.m2/repository/software/amazon/awssdk/metrics-spi/2.15.26/metrics-spi-2.15.26.jar:/Users/lsuhani/.m2/repository/software/amazon/awssdk/apache-client/2.15.26/apache-client-2.15.26.jar:/Users/lsuhani/.m2/repository/org/apache/httpcomponents/httpclient/4.5.13/httpclient-4.5.13.jar:/Users/lsuhani/.m2/repository/org/apache/httpcomponents/httpcore/4.4.11/httpcore-4.4.11.jar:/Users/lsuhani/.m2/repository/software/amazon/awssdk/netty-nio-client/2.15.26/netty-nio-client-2.15.26.jar:/Users/lsuhani/.m2/repository/io/netty/netty-codec-http/4.1.53.Final/netty-codec-http-4.1.53.Final.jar:/Users/lsuhani/.m2/repository/io/netty/netty-codec-http2/4.1.53.Final/netty-codec-http2-4.1.53.Final.jar:/Users/lsuhani/.m2/repository/io/netty/netty-codec/4.1.53.Final/netty-codec-4.1.53.Final.jar:/Users/lsuhani/.m2/repository/io/netty/netty-transport/4.1.53.Final/netty-transport-4.1.53.Final.jar:/Users/lsuhani/.m2/repository/io/netty/netty-resolver/4.1.53.Final/netty-resolver-4.1.53.Final.jar:/Users/lsuhani/.m2/repository/io/netty/netty-common/4.1.53.Final/netty-common-4.1.53.Final.jar:/Users/lsuhani/.m2/repository/io/netty/netty-buffer/4.1.53.Final/netty-buffer-4.1.53.Final.jar:/Users/lsuhani/.m2/repository/io/netty/netty-handler/4.1.53.Final/netty-handler-4.1.53.Final.jar:/Users/lsuhani/.m2/repository/io/netty/netty-transport-native-epoll/4.1.53.Final/netty-transport-native-epoll-4.1.53.Final-linux-x86_64.jar:/Users/lsuhani/.m2/repository/io/netty/netty-transport-native-unix-common/4.1.53.Final/netty-transport-native-unix-common-4.1.53.Final.jar:/Users/lsuhani/.m2/repository/com/typesafe/netty/netty-reactive-streams-http/2.0.4/netty-reactive-streams-http-2.0.4.jar:/Users/lsuhani/.m2/repository/com/typesafe/netty/netty-reactive-streams/2.0.4/netty-reactive-streams-2.0.4.jar:/Users/lsuhani/.m2/repository/software/amazon/cloudformation/aws-cloudformation-rpdk-java-plugin/2.0.5/aws-cloudformation-rpdk-java-plugin-2.0.5.jar:/Users/lsuhani/.m2/repository/commons-codec/commons-codec/1.14/commons-codec-1.14.jar:/Users/lsuhani/.m2/repository/software/amazon/cloudformation/aws-cloudformation-resource-schema/2.0.4/aws-cloudformation-resource-schema-2.0.4.jar:/Users/lsuhani/.m2/repository/com/github/everit-org/json-schema/org.everit.json.schema/1.11.0/org.everit.json.schema-1.11.0.jar:/Users/lsuhani/.m2/repository/commons-validator/commons-validator/1.6/commons-validator-1.6.jar:/Users/lsuhani/.m2/repository/commons-digester/commons-digester/1.8.1/commons-digester-1.8.1.jar:/Users/lsuhani/.m2/repository/commons-collections/commons-collections/3.2.2/commons-collections-3.2.2.jar:/Users/lsuhani/.m2/repository/commons-beanutils/commons-beanutils/1.9.3/commons-beanutils-1.9.3.jar:/Users/lsuhani/.m2/repository/com/damnhandy/handy-uri-templates/2.1.6/handy-uri-templates-2.1.6.jar:/Users/lsuhani/.m2/repository/com/google/re2j/re2j/1.1/re2j-1.1.jar:/Users/lsuhani/.m2/repository/com/fasterxml/jackson/core/jackson-databind/2.11.3/jackson-databind-2.11.3.jar:/Users/lsuhani/.m2/repository/com/fasterxml/jackson/dataformat/jackson-dataformat-cbor/2.11.3/jackson-dataformat-cbor-2.11.3.jar:/Users/lsuhani/.m2/repository/com/fasterxml/jackson/datatype/jackson-datatype-jsr310/2.11.3/jackson-datatype-jsr310-2.11.3.jar:/Users/lsuhani/.m2/repository/org/json/json/20180813/json-20180813.jar:/Users/lsuhani/.m2/repository/com/amazonaws/aws-java-sdk-core/1.11.555/aws-java-sdk-core-1.11.555.jar:/Users/lsuhani/.m2/repository/commons-logging/commons-logging/1.1.3/commons-logging-1.1.3.jar:/Users/lsuhani/.m2/repository/software/amazon/ion/ion-java/1.0.2/ion-java-1.0.2.jar:/Users/lsuhani/.m2/repository/joda-time/joda-time/2.8.1/joda-time-2.8.1.jar:/Users/lsuhani/.m2/repository/com/amazonaws/aws-lambda-java-core/1.2.0/aws-lambda-java-core-1.2.0.jar:/Users/lsuhani/.m2/repository/software/amazon/awssdk/cloudformation/2.15.19/cloudformation-2.15.19.jar:/Users/lsuhani/.m2/repository/software/amazon/awssdk/cloudwatch/2.15.19/cloudwatch-2.15.19.jar:/Users/lsuhani/.m2/repository/software/amazon/awssdk/cloudwatchevents/2.15.19/cloudwatchevents-2.15.19.jar:/Users/lsuhani/.m2/repository/software/amazon/awssdk/aws-json-protocol/2.15.19/aws-json-protocol-2.15.19.jar:/Users/lsuhani/.m2/repository/software/amazon/awssdk/cloudwatchlogs/2.15.19/cloudwatchlogs-2.15.19.jar:/Users/lsuhani/.m2/repository/commons-io/commons-io/2.8.0/commons-io-2.8.0.jar:/Users/lsuhani/.m2/repository/org/apache/commons/commons-lang3/3.9/commons-lang3-3.9.jar:/Users/lsuhani/.m2/repository/com/google/guava/guava/27.1-jre/guava-27.1-jre.jar:/Users/lsuhani/.m2/repository/com/google/guava/failureaccess/1.0.1/failureaccess-1.0.1.jar:/Users/lsuhani/.m2/repository/com/google/guava/listenablefuture/9999.0-empty-to-avoid-conflict-with-guava/listenablefuture-9999.0-empty-to-avoid-conflict-with-guava.jar:/Users/lsuhani/.m2/repository/com/google/code/findbugs/jsr305/3.0.2/jsr305-3.0.2.jar:/Users/lsuhani/.m2/repository/org/checkerframework/checker-qual/2.5.2/checker-qual-2.5.2.jar:/Users/lsuhani/.m2/repository/com/google/errorprone/error_prone_annotations/2.2.0/error_prone_annotations-2.2.0.jar:/Users/lsuhani/.m2/repository/com/google/j2objc/j2objc-annotations/1.1/j2objc-annotations-1.1.jar:/Users/lsuhani/.m2/repository/org/codehaus/mojo/animal-sniffer-annotations/1.17/animal-sniffer-annotations-1.17.jar:/Users/lsuhani/.m2/repository/com/diffplug/spotless/spotless-maven-plugin/2.5.0/spotless-maven-plugin-2.5.0.jar:/Users/lsuhani/.m2/repository/com/diffplug/spotless/spotless-lib/2.9.0/spotless-lib-2.9.0.jar:/Users/lsuhani/.m2/repository/com/diffplug/spotless/spotless-lib-extra/2.9.0/spotless-lib-extra-2.9.0.jar:/Users/lsuhani/.m2/repository/com/googlecode/concurrent-trees/concurrent-trees/2.6.1/concurrent-trees-2.6.1.jar:/Users/lsuhani/.m2/repository/org/codehaus/groovy/groovy-xml/3.0.3/groovy-xml-3.0.3.jar:/Users/lsuhani/.m2/repository/org/codehaus/groovy/groovy/3.0.3/groovy-3.0.3.jar:/Users/lsuhani/.m2/repository/org/codehaus/plexus/plexus-resources/1.0.1/plexus-resources-1.0.1.jar:/Users/lsuhani/.m2/repository/org/codehaus/plexus/plexus-utils/3.0.8/plexus-utils-3.0.8.jar:/Users/lsuhani/.m2/repository/org/codehaus/plexus/plexus-container-default/1.0-alpha-9-stable-1/plexus-container-default-1.0-alpha-9-stable-1.jar:/Users/lsuhani/.m2/repository/junit/junit/3.8.1/junit-3.8.1.jar:/Users/lsuhani/.m2/repository/classworlds/classworlds/1.1-alpha-2/classworlds-1.1-alpha-2.jar:/Users/lsuhani/.m2/repository/com/diffplug/durian/durian-core/1.2.0/durian-core-1.2.0.jar:/Users/lsuhani/.m2/repository/com/diffplug/durian/durian-collect/1.2.0/durian-collect-1.2.0.jar:/Users/lsuhani/.m2/repository/org/eclipse/jgit/org.eclipse.jgit/5.8.0.202006091008-r/org.eclipse.jgit-5.8.0.202006091008-r.jar:/Users/lsuhani/.m2/repository/com/googlecode/javaewah/JavaEWAH/1.1.7/JavaEWAH-1.1.7.jar:/Users/lsuhani/.m2/repository/org/projectlombok/lombok/1.18.4/lombok-1.18.4.jar:/Users/lsuhani/.m2/repository/org/assertj/assertj-core/3.12.2/assertj-core-3.12.2.jar:/Users/lsuhani/.m2/repository/org/junit/jupiter/junit-jupiter/5.5.0-M1/junit-jupiter-5.5.0-M1.jar:/Users/lsuhani/.m2/repository/org/junit/jupiter/junit-jupiter-api/5.5.0-M1/junit-jupiter-api-5.5.0-M1.jar:/Users/lsuhani/.m2/repository/org/apiguardian/apiguardian-api/1.0.0/apiguardian-api-1.0.0.jar:/Users/lsuhani/.m2/repository/org/opentest4j/opentest4j/1.1.1/opentest4j-1.1.1.jar:/Users/lsuhani/.m2/repository/org/junit/platform/junit-platform-commons/1.5.0-M1/junit-platform-commons-1.5.0-M1.jar:/Users/lsuhani/.m2/repository/org/junit/jupiter/junit-jupiter-params/5.5.0-M1/junit-jupiter-params-5.5.0-M1.jar:/Users/lsuhani/.m2/repository/org/junit/jupiter/junit-jupiter-engine/5.5.0-M1/junit-jupiter-engine-5.5.0-M1.jar:/Users/lsuhani/.m2/repository/org/junit/platform/junit-platform-engine/1.5.0-M1/junit-platform-engine-1.5.0-M1.jar:/Users/lsuhani/.m2/repository/org/mockito/mockito-core/2.26.0/mockito-core-2.26.0.jar:/Users/lsuhani/.m2/repository/net/bytebuddy/byte-buddy/1.9.10/byte-buddy-1.9.10.jar:/Users/lsuhani/.m2/repository/net/bytebuddy/byte-buddy-agent/1.9.10/byte-buddy-agent-1.9.10.jar:/Users/lsuhani/.m2/repository/org/objenesis/objenesis/2.6/objenesis-2.6.jar:/Users/lsuhani/.m2/repository/org/mockito/mockito-junit-jupiter/2.26.0/mockito-junit-jupiter-2.26.0.jar:"/>
    <property name="sun.cpu.endian" value="little"/>
    <property name="user.home" value="/Users/lsuhani"/>
    <property name="user.language" value="en"/>
    <property name="java.specification.vendor" value="Oracle Corporation"/>
    <property name="java.version.date" value="2020-04-14"/>
    <property name="java.home" value="/usr/local/Cellar/openjdk/14.0.1/libexec/openjdk.jdk/Contents/Home"/>
    <property name="file.separator" value="/"/>
    <property name="basedir" value="/Users/lsuhani/workspace/final-commit/aws-cloudformation-resource-providers-transitgateway/aws-ec2-transitgatewaypeeringattachment"/>
    <property name="java.vm.compressedOopsMode" value="Zero based"/>
    <property name="line.separator" value="&#10;"/>
    <property name="java.vm.specification.vendor" value="Oracle Corporation"/>
    <property name="java.specification.name" value="Java Platform API Specification"/>
    <property name="surefire.real.class.path" value="/Users/lsuhani/workspace/final-commit/aws-cloudformation-resource-providers-transitgateway/aws-ec2-transitgatewaypeeringattachment/target/surefire/surefirebooter1564265255560466440.jar"/>
    <property name="sun.management.compiler" value="HotSpot 64-Bit Tiered Compilers"/>
    <property name="java.runtime.version" value="14.0.1+14"/>
    <property name="user.name" value="lsuhani"/>
    <property name="path.separator" value=":"/>
    <property name="os.version" value="10.15.7"/>
    <property name="java.runtime.name" value="OpenJDK Runtime Environment"/>
    <property name="file.encoding" value="UTF-8"/>
    <property name="java.vm.name" value="OpenJDK 64-Bit Server VM"/>
    <property name="localRepository" value="/Users/lsuhani/.m2/repository"/>
    <property name="java.vendor.url.bug" value="https://bugreport.java.com/bugreport/"/>
    <property name="java.io.tmpdir" value="/var/folders/w9/tqk15y7n1n36w989_r38280sj7_y84/T/"/>
    <property name="java.version" value="14.0.1"/>
    <property name="user.dir" value="/Users/lsuhani/workspace/final-commit/aws-cloudformation-resource-providers-transitgateway/aws-ec2-transitgatewaypeeringattachment"/>
    <property name="os.arch" value="x86_64"/>
    <property name="java.vm.specification.name" value="Java Virtual Machine Specification"/>
    <property name="java.library.path" value="/Users/lsuhani/Library/Java/Extensions:/Library/Java/Extensions:/Network/Library/Java/Extensions:/System/Library/Java/Extensions:/usr/lib/java:."/>
    <property name="java.vm.info" value="mixed mode, sharing"/>
    <property name="java.vendor" value="N/A"/>
    <property name="java.vm.version" value="14.0.1+14"/>
    <property name="sun.io.unicode.encoding" value="UnicodeBig"/>
    <property name="java.class.version" value="58.0"/>
  </properties>
  <testcase name="failedForDeletedCurrentState" classname="software.amazon.ec2.transitgatewaypeeringattachment.workflow.delete.ValidCurrentStateCheckTest" time="0"/>
  <testcase name="validForAvailableState" classname="software.amazon.ec2.transitgatewaypeeringattachment.workflow.delete.ValidCurrentStateCheckTest" time="0.002"/>
</testsuite>